[ros2run]: Process exited with failure 1
1.396,-0.005,0.536,0.013
1.282,-0.117,0.536,0.069
1.282,-0.117,0.494,0.027
1.293,-0.105,0.494,0.057
1.293,-0.105,0.470,0.033
1.295,-0.100,0.470,0.149
1.295,-0.100,0.426,0.105
1.295,-0.099,0.426,0.173
1.295,-0.099,0.336,0.083
1.301,-0.092,0.336,0.131
1.301,-0.092,0.261,0.056
1.297,-0.095,0.261,0.119
1.297,-0.095,0.208,0.067
1.300,-0.092,0.208,0.142
1.300,-0.092,0.137,0.071
1.298,-0.094,0.137,0.146
1.298,-0.094,0.081,0.090
1.301,-0.091,0.081,0.108
1.301,-0.091,0.031,0.059
1.294,-0.099,0.031,0.122
1.294,-0.099,-0.010,0.081
1.303,-0.089,-0.010,0.107
1.303,-0.089,-0.071,0.047
1.299,-0.095,-0.071,0.167
1.299,-0.095,-0.135,0.102
1.296,-0.101,-0.135,0.211
1.296,-0.101,-0.225,0.121
1.294,-0.105,-0.225,0.173
1.294,-0.105,-0.334,0.083
1.297,-0.104,-0.334,0.135
1.297,-0.104,-0.420,0.049
1.299,-0.105,-0.420,0.142
1.299,-0.105,-0.462,0.100
1.188,-0.218,-0.462,0.134
1.188,-0.218,-0.317,0.278
1.388,-0.019,-0.317,0.327
1.388,-0.020,-0.527,0.135
1.388,-0.021,-0.527,0.154
1.388,-0.021,-0.527,0.154
1.326,-0.075,-0.527,-1.041
1.326,-0.075,0.523,0.009
1.277,-0.121,0.523,0.068
1.277,-0.121,0.495,0.040
1.300,-0.096,0.495,0.115
1.300,-0.096,0.463,0.083
1.294,-0.100,0.463,0.162
1.294,-0.100,0.395,0.093
1.297,-0.097,0.395,0.160
1.297,-0.097,0.313,0.078
1.298,-0.094,0.313,0.161
1.298,-0.094,0.234,0.082
1.295,-0.097,0.234,0.221
1.295,-0.097,0.177,0.164
1.298,-0.094,0.177,0.209
1.298,-0.094,0.079,0.111
1.307,-0.086,0.079,0.190
1.307,-0.086,0.020,0.130
1.313,-0.080,0.020,0.153
1.313,-0.080,0.169,0.302
1.294,-0.099,0.169,0.362
1.294,-0.099,-0.101,0.092
1.298,-0.096,-0.101,0.129
1.298,-0.096,-0.162,0.069
1.305,-0.092,-0.162,0.189
1.305,-0.092,-0.289,0.061
1.297,-0.102,-0.289,0.121
1.297,-0.102,-0.354,0.056
1.220,-0.180,-0.354,0.108
1.220,-0.180,-0.226,0.236
1.302,-0.101,-0.226,0.307
1.302,-0.101,-0.474,0.059
1.280,-0.128,-0.474,0.171
1.280,-0.128,-0.499,0.146
1.390,-0.020,-0.499,0.183
1.390,-0.020,-0.536,0.146
1.308,-0.092,-0.536,-1.035
1.308,-0.092,0.515,0.017
1.274,-0.123,0.515,0.106
1.274,-0.123,0.491,0.081
1.294,-0.102,0.491,0.126
1.294,-0.102,0.463,0.098
1.295,-0.100,0.463,0.147
1.295,-0.100,0.373,0.057
1.298,-0.095,0.373,0.136
1.298,-0.095,0.331,0.093
1.297,-0.096,0.331,0.131
1.297,-0.096,0.268,0.068
1.299,-0.093,0.268,0.165
1.299,-0.093,0.214,0.112
1.302,-0.090,0.214,0.172
1.302,-0.090,0.151,0.108
1.293,-0.099,0.151,0.187
1.293,-0.099,0.090,0.127
1.300,-0.092,0.090,0.149
1.300,-0.092,0.022,0.081
1.314,-0.079,0.022,0.156
1.314,-0.079,-0.042,0.091
1.298,-0.096,-0.042,0.178
1.298,-0.096,0.077,0.297
1.299,-0.098,0.077,0.436
1.299,-0.098,-0.193,0.166
1.306,-0.093,-0.193,0.229
1.306,-0.093,-0.276,0.146
1.295,-0.105,-0.276,0.199
1.295,-0.105,-0.351,0.124
1.296,-0.107,-0.351,0.172
1.296,-0.107,-0.419,0.104
1.289,-0.115,-0.419,0.130
1.289,-0.115,-0.480,0.069
1.285,-0.121,-0.480,0.147
1.285,-0.121,-0.507,0.120
1.285,-0.115,-0.507,-0.986
1.285,-0.115,0.513,0.034
1.276,-0.122,0.513,0.071
1.276,-0.122,0.477,0.035
1.292,-0.104,0.477,0.113
1.292,-0.104,0.450,0.087
1.290,-0.104,0.450,0.184
1.290,-0.104,0.398,0.131
1.296,-0.097,0.398,0.191
1.296,-0.097,0.282,0.086
1.299,-0.094,0.282,0.124
1.299,-0.094,0.213,0.056
1.297,-0.095,0.213,0.146
1.297,-0.095,0.157,0.089
1.300,-0.093,0.157,0.280
1.300,-0.093,0.007,0.130
1.315,-0.079,0.007,0.149
1.315,-0.079,0.148,0.290
1.297,-0.097,0.148,0.331
1.297,-0.097,-0.118,0.065
1.298,-0.098,-0.118,0.177
1.298,-0.098,-0.186,0.109
1.296,-0.101,-0.186,0.143
1.296,-0.101,-0.280,0.049
1.306,-0.092,-0.280,0.128
1.306,-0.092,-0.321,0.087
1.297,-0.104,-0.321,0.176
1.297,-0.104,-0.400,0.097
1.208,-0.195,-0.400,0.123
1.208,-0.195,-0.255,0.268
1.278,-0.127,-0.255,0.324
1.278,-0.127,-0.463,0.116
1.303,-0.113,-0.463,0.360
1.303,-0.113,-0.516,0.307
1.387,-0.015,-0.516,-1.077
1.387,-0.015,0.541,-0.020
1.288,-0.111,0.541,0.088
1.288,-0.111,0.510,0.058
1.281,-0.117,0.510,0.099
1.281,-0.117,0.476,0.064
1.297,-0.099,0.476,0.109
1.297,-0.099,0.430,0.064
1.300,-0.095,0.430,0.161
1.300,-0.095,0.371,0.102
1.293,-0.100,0.371,0.154
1.293,-0.100,0.273,0.056
1.303,-0.090,0.273,0.135
1.303,-0.090,0.228,0.089
1.301,-0.092,0.228,0.142
1.301,-0.092,0.141,0.055
1.298,-0.094,0.141,0.153
1.298,-0.094,0.085,0.096
1.300,-0.092,0.085,0.156
1.300,-0.092,0.017,0.089
1.313,-0.080,0.017,0.149
1.313,-0.080,0.139,0.270
1.295,-0.099,0.139,0.330
1.295,-0.099,-0.107,0.084
1.282,-0.113,-0.107,0.129
1.282,-0.113,0.028,0.265
1.306,-0.090,0.028,0.369
1.306,-0.090,-0.219,0.122
1.306,-0.094,-0.219,0.216
1.306,-0.094,-0.334,0.101
1.292,-0.112,-0.334,0.235
1.292,-0.112,-0.412,0.156
1.276,-0.130,-0.412,0.201
1.276,-0.130,-0.493,0.120
1.353,-0.054,-0.493,0.150
1.353,-0.054,-0.529,0.114
1.334,-0.066,-0.529,-1.033
1.334,-0.066,0.527,0.023
1.277,-0.121,0.527,0.093
1.277,-0.121,0.486,0.053
1.298,-0.096,0.486,0.180
1.298,-0.096,0.460,0.154
1.295,-0.099,0.460,0.195
1.295,-0.099,0.362,0.097
1.307,-0.085,0.362,0.266
1.307,-0.085,0.295,0.198
1.299,-0.093,0.295,0.266
1.299,-0.093,0.216,0.199
1.299,-0.094,0.216,0.296
1.299,-0.094,0.087,0.179
1.297,-0.098,0.087,0.355
1.297,-0.098,-0.124,0.143
1.301,-0.096,-0.124,0.233
1.301,-0.096,-0.199,0.158
1.260,-0.137,-0.199,0.173
1.260,-0.138,-0.071,0.316
1.301,-0.098,-0.071,0.335
1.301,-0.098,-0.323,0.097
1.294,-0.106,-0.323,0.120
1.294,-0.106,-0.405,0.052
1.295,-0.106,-0.405,0.086
1.295,-0.106,-0.455,0.036
1.277,-0.126,-0.455,0.081
1.277,-0.126,-0.461,0.075
1.278,-0.129,-0.461,0.171
1.278,-0.129,-0.504,0.129
1.351,-0.058,-0.504,0.169
1.351,-0.058,-0.533,0.140
1.327,-0.073,-0.533,-1.044
1.327,-0.073,0.525,0.029
1.273,-0.126,0.525,0.059
1.273,-0.126,0.497,0.031
1.292,-0.105,0.497,0.110
1.292,-0.105,0.467,0.079
1.296,-0.097,0.467,0.285
1.296,-0.097,0.397,0.215
1.296,-0.096,0.397,0.283
1.296,-0.096,0.339,0.224
1.300,-0.093,0.339,0.284
1.300,-0.093,0.238,0.183
1.302,-0.090,0.238,0.239
1.302,-0.090,0.147,0.149
1.303,-0.089,0.147,0.250
1.303,-0.089,0.072,0.175
1.295,-0.098,0.072,0.238
1.295,-0.098,-0.041,0.126
1.295,-0.100,-0.041,0.190
1.295,-0.100,-0.105,0.144
1.300,-0.095,-0.105,0.174
1.300,-0.095,-0.169,0.110
1.304,-0.092,-0.169,0.162
1.304,-0.092,-0.233,0.098
1.298,-0.100,-0.233,0.143
1.298,-0.100,-0.302,0.075
1.230,-0.169,-0.302,0.116
1.230,-0.169,-0.174,0.243
1.292,-0.109,-0.174,0.299
1.292,-0.109,-0.422,0.052
1.285,-0.119,-0.422,0.148
1.285,-0.119,-0.475,0.095
1.286,-0.121,-0.475,0.159
1.286,-0.121,-0.500,0.134
1.369,-0.041,-0.500,0.193
1.369,-0.041,-0.533,0.159
1.324,-0.075,-0.533,-1.017
1.324,-0.075,0.522,0.038
1.275,-0.121,0.522,0.138
1.275,-0.121,0.492,0.109
1.299,-0.096,0.492,0.161
1.299,-0.096,0.414,0.083
1.304,-0.090,0.414,0.158
1.304,-0.090,0.342,0.086
1.307,-0.086,0.342,0.120
1.307,-0.086,0.278,0.056
1.301,-0.092,0.278,0.112
1.301,-0.092,0.222,0.055
1.301,-0.092,0.222,0.142
1.301,-0.092,0.173,0.093
1.306,-0.086,0.173,0.153
1.306,-0.086,0.094,0.074
1.295,-0.098,0.094,0.108
1.295,-0.098,0.033,0.047
1.313,-0.079,0.033,0.107
1.313,-0.079,0.007,0.080
1.301,-0.092,0.007,0.174
1.301,-0.092,-0.042,0.125
1.303,-0.090,-0.042,0.159
1.303,-0.090,-0.121,0.080
1.300,-0.095,-0.121,0.140
1.300,-0.095,-0.170,0.091
1.298,-0.098,-0.170,0.162
1.298,-0.098,-0.234,0.098
1.307,-0.091,-0.234,0.158
1.307,-0.091,-0.295,0.097
1.292,-0.117,-0.295,0.376
1.292,-0.117,-0.391,0.280
1.306,-0.106,-0.391,0.339
1.306,-0.106,-0.520,0.210
